# JRE version: Java(TM) SE Runtime Environment (8.0_131-b11) (build 1.8.0_131-b11)
# Java VM: Java HotSpot(TM) 64-Bit Server VM (25.131-b11 mixed mode linux-amd64 compressed oops)
Heap:
 PSYoungGen      total 106496K, used 83196K [0x00000000d7b00000, 0x00000000dfa80000, 0x0000000100000000)
  eden space 101376K, 77% used [0x00000000d7b00000,0x00000000dc7432b0,0x00000000dde00000)
  from space 5120K, 99% used [0x00000000df500000,0x00000000df9fc038,0x00000000dfa00000)
  to   space 512K, 0% used [0x00000000dfa00000,0x00000000dfa00000,0x00000000dfa80000)
 ParOldGen       total 68608K, used 12361K [0x0000000087000000, 0x000000008b300000, 0x00000000d7b00000)
  object space 68608K, 18% used [0x0000000087000000,0x0000000087c125a0,0x000000008b300000)
 Metaspace       used 23792K, capacity 25668K, committed 25776K, reserved 1071104K
  class space    used 3333K, capacity 3685K, committed 3760K, reserved 1048576K
GC Heap History (10 events):
Event: 1.486 GC heap before
{Heap before GC invocations=2 (full 0):
 PSYoungGen      total 36352K, used 34779K [0x00000000d7b00000, 0x00000000dc200000, 0x0000000100000000)
  eden space 31232K, 97% used [0x00000000d7b00000,0x00000000d98aee58,0x00000000d9980000)
  from space 5120K, 85% used [0x00000000d9980000,0x00000000d9dc8050,0x00000000d9e80000)
  to   space 5120K, 0% used [0x00000000dbd00000,0x00000000dbd00000,0x00000000dc200000)
 ParOldGen       total 83456K, used 8K [0x0000000087000000, 0x000000008c180000, 0x00000000d7b00000)
  object space 83456K, 0% used [0x0000000087000000,0x0000000087002000,0x000000008c180000)
 Metaspace       used 16761K, capacity 17598K, committed 17664K, reserved 1064960K
  class space    used 2574K, capacity 2788K, committed 2816K, reserved 1048576K
Event: 1.500 GC heap after
Heap after GC invocations=2 (full 0):
 PSYoungGen      total 67584K, used 5096K [0x00000000d7b00000, 0x00000000dc200000, 0x0000000100000000)
  eden space 62464K, 0% used [0x00000000d7b00000,0x00000000d7b00000,0x00000000db800000)
  from space 5120K, 99% used [0x00000000dbd00000,0x00000000dc1fa0f0,0x00000000dc200000)
  to   space 5120K, 0% used [0x00000000db800000,0x00000000db800000,0x00000000dbd00000)
 ParOldGen       total 83456K, used 1812K [0x0000000087000000, 0x000000008c180000, 0x00000000d7b00000)
  object space 83456K, 2% used [0x0000000087000000,0x00000000871c5090,0x000000008c180000)
 Metaspace       used 16761K, capacity 17598K, committed 17664K, reserved 1064960K
  class space    used 2574K, capacity 2788K, committed 2816K, reserved 1048576K
}
Event: 2.119 GC heap before
{Heap before GC invocations=3 (full 0):
 PSYoungGen      total 67584K, used 25847K [0x00000000d7b00000, 0x00000000dc200000, 0x0000000100000000)
  eden space 62464K, 33% used [0x00000000d7b00000,0x00000000d8f43bb0,0x00000000db800000)
  from space 5120K, 99% used [0x00000000dbd00000,0x00000000dc1fa0f0,0x00000000dc200000)
  to   space 5120K, 0% used [0x00000000db800000,0x00000000db800000,0x00000000dbd00000)
 ParOldGen       total 83456K, used 1812K [0x0000000087000000, 0x000000008c180000, 0x00000000d7b00000)
  object space 83456K, 2% used [0x0000000087000000,0x00000000871c5090,0x000000008c180000)
 Metaspace       used 19668K, capacity 21232K, committed 21296K, reserved 1067008K
  class space    used 3071K, capacity 3343K, committed 3376K, reserved 1048576K
Event: 2.141 GC heap after
Heap after GC invocations=3 (full 0):
 PSYoungGen      total 67584K, used 5104K [0x00000000d7b00000, 0x00000000dff00000, 0x0000000100000000)
  eden space 62464K, 0% used [0x00000000d7b00000,0x00000000d7b00000,0x00000000db800000)
  from space 5120K, 99% used [0x00000000db800000,0x00000000dbcfc030,0x00000000dbd00000)
  to   space 5120K, 0% used [0x00000000dfa00000,0x00000000dfa00000,0x00000000dff00000)
 ParOldGen       total 83456K, used 6398K [0x0000000087000000, 0x000000008c180000, 0x00000000d7b00000)
  object space 83456K, 7% used [0x0000000087000000,0x000000008763fa28,0x000000008c180000)
 Metaspace       used 19668K, capacity 21232K, committed 21296K, reserved 1067008K
  class space    used 3071K, capacity 3343K, committed 3376K, reserved 1048576K
}
Event: 2.141 GC heap before
{Heap before GC invocations=4 (full 1):
 PSYoungGen      total 67584K, used 5104K [0x00000000d7b00000, 0x00000000dff00000, 0x0000000100000000)
  eden space 62464K, 0% used [0x00000000d7b00000,0x00000000d7b00000,0x00000000db800000)
  from space 5120K, 99% used [0x00000000db800000,0x00000000dbcfc030,0x00000000dbd00000)
  to   space 5120K, 0% used [0x00000000dfa00000,0x00000000dfa00000,0x00000000dff00000)
 ParOldGen       total 83456K, used 6398K [0x0000000087000000, 0x000000008c180000, 0x00000000d7b00000)
  object space 83456K, 7% used [0x0000000087000000,0x000000008763fa28,0x000000008c180000)
 Metaspace       used 19668K, capacity 21232K, committed 21296K, reserved 1067008K
  class space    used 3071K, capacity 3343K, committed 3376K, reserved 1048576K
Event: 2.231 GC heap after
Heap after GC invocations=4 (full 1):
 PSYoungGen      total 67584K, used 0K [0x00000000d7b00000, 0x00000000dff00000, 0x0000000100000000)
  eden space 62464K, 0% used [0x00000000d7b00000,0x00000000d7b00000,0x00000000db800000)
  from space 5120K, 0% used [0x00000000db800000,0x00000000db800000,0x00000000dbd00000)
  to   space 5120K, 0% used [0x00000000dfa00000,0x00000000dfa00000,0x00000000dff00000)
 ParOldGen       total 68608K, used 11362K [0x0000000087000000, 0x000000008b300000, 0x00000000d7b00000)
  object space 68608K, 16% used [0x0000000087000000,0x0000000087b188b0,0x000000008b300000)
 Metaspace       used 19668K, capacity 21232K, committed 21296K, reserved 1067008K
  class space    used 3071K, capacity 3343K, committed 3376K, reserved 1048576K
}
Event: 23.882 GC heap before
{Heap before GC invocations=5 (full 1):
 PSYoungGen      total 67584K, used 62464K [0x00000000d7b00000, 0x00000000dff00000, 0x0000000100000000)
  eden space 62464K, 100% used [0x00000000d7b00000,0x00000000db800000,0x00000000db800000)
  from space 5120K, 0% used [0x00000000db800000,0x00000000db800000,0x00000000dbd00000)
  to   space 5120K, 0% used [0x00000000dfa00000,0x00000000dfa00000,0x00000000dff00000)
 ParOldGen       total 68608K, used 11362K [0x0000000087000000, 0x000000008b300000, 0x00000000d7b00000)
  object space 68608K, 16% used [0x0000000087000000,0x0000000087b188c8,0x000000008b300000)
 Metaspace       used 22810K, capacity 24648K, committed 25008K, reserved 1071104K
  class space    used 3313K, capacity 3653K, committed 3760K, reserved 1048576K
Event: 23.896 GC heap after
Heap after GC invocations=5 (full 1):
 PSYoungGen      total 86528K, used 5104K [0x00000000d7b00000, 0x00000000dff00000, 0x0000000100000000)
  eden space 81408K, 0% used [0x00000000d7b00000,0x00000000d7b00000,0x00000000dca80000)
  from space 5120K, 99% used [0x00000000dfa00000,0x00000000dfefc038,0x00000000dff00000)
  to   space 5120K, 0% used [0x00000000df500000,0x00000000df500000,0x00000000dfa00000)
 ParOldGen       total 68608K, used 12126K [0x0000000087000000, 0x000000008b300000, 0x00000000d7b00000)
  object space 68608K, 17% used [0x0000000087000000,0x0000000087bd78d8,0x000000008b300000)
 Metaspace       used 22810K, capacity 24648K, committed 25008K, reserved 1071104K
  class space    used 3313K, capacity 3653K, committed 3760K, reserved 1048576K
}
Event: 38.228 GC heap before
{Heap before GC invocations=6 (full 1):
 PSYoungGen      total 86528K, used 86512K [0x00000000d7b00000, 0x00000000dff00000, 0x0000000100000000)
  eden space 81408K, 100% used [0x00000000d7b00000,0x00000000dca80000,0x00000000dca80000)
  from space 5120K, 99% used [0x00000000dfa00000,0x00000000dfefc038,0x00000000dff00000)
  to   space 5120K, 0% used [0x00000000df500000,0x00000000df500000,0x00000000dfa00000)
 ParOldGen       total 68608K, used 12129K [0x0000000087000000, 0x000000008b300000, 0x00000000d7b00000)
  object space 68608K, 17% used [0x0000000087000000,0x0000000087bd85a0,0x000000008b300000)
 Metaspace       used 23478K, capacity 25316K, committed 25520K, reserved 1071104K
  class space    used 3314K, capacity 3653K, committed 3760K, reserved 1048576K
Event: 38.238 GC heap after
Heap after GC invocations=6 (full 1):
 PSYoungGen      total 106496K, used 5104K [0x00000000d7b00000, 0x00000000dfa80000, 0x0000000100000000)
  eden space 101376K, 0% used [0x00000000d7b00000,0x00000000d7b00000,0x00000000dde00000)
  from space 5120K, 99% used [0x00000000df500000,0x00000000df9fc038,0x00000000dfa00000)
  to   space 512K, 0% used [0x00000000dfa00000,0x00000000dfa00000,0x00000000dfa80000)
 ParOldGen       total 68608K, used 12361K [0x0000000087000000, 0x000000008b300000, 0x00000000d7b00000)
  object space 68608K, 18% used [0x0000000087000000,0x0000000087c125a0,0x000000008b300000)
 Metaspace       used 23478K, capacity 25316K, committed 25520K, reserved 1071104K
  class space    used 3314K, capacity 3653K, committed 3760K, reserved 1048576K
}

