# JRE version: Java(TM) SE Runtime Environment (8.0_131-b11) (build 1.8.0_131-b11)
# Java VM: Java HotSpot(TM) 64-Bit Server VM (25.131-b11 mixed mode linux-amd64 compressed oops)
Heap:
 PSYoungGen      total 67584K, used 52594K [0x00000000d7b00000, 0x00000000dff00000, 0x0000000100000000)
  eden space 62464K, 84% used [0x00000000d7b00000,0x00000000dae5c9c8,0x00000000db800000)
  from space 5120K, 0% used [0x00000000db800000,0x00000000db800000,0x00000000dbd00000)
  to   space 5120K, 0% used [0x00000000dfa00000,0x00000000dfa00000,0x00000000dff00000)
 ParOldGen       total 69632K, used 11395K [0x0000000087000000, 0x000000008b400000, 0x00000000d7b00000)
  object space 69632K, 16% used [0x0000000087000000,0x0000000087b20d38,0x000000008b400000)
 Metaspace       used 22705K, capacity 24454K, committed 24752K, reserved 1071104K
  class space    used 3329K, capacity 3684K, committed 3760K, reserved 1048576K
GC Heap History (8 events):
Event: 1.126 GC heap before
{Heap before GC invocations=1 (full 0):
 PSYoungGen      total 36352K, used 31232K [0x00000000d7b00000, 0x00000000da380000, 0x0000000100000000)
  eden space 31232K, 100% used [0x00000000d7b00000,0x00000000d9980000,0x00000000d9980000)
  from space 5120K, 0% used [0x00000000d9e80000,0x00000000d9e80000,0x00000000da380000)
  to   space 5120K, 0% used [0x00000000d9980000,0x00000000d9980000,0x00000000d9e80000)
 ParOldGen       total 83456K, used 0K [0x0000000087000000, 0x000000008c180000, 0x00000000d7b00000)
  object space 83456K, 0% used [0x0000000087000000,0x0000000087000000,0x000000008c180000)
 Metaspace       used 12840K, capacity 13350K, committed 13568K, reserved 1060864K
  class space    used 1856K, capacity 1998K, committed 2048K, reserved 1048576K
Event: 1.139 GC heap after
Heap after GC invocations=1 (full 0):
 PSYoungGen      total 36352K, used 4272K [0x00000000d7b00000, 0x00000000dc200000, 0x0000000100000000)
  eden space 31232K, 0% used [0x00000000d7b00000,0x00000000d7b00000,0x00000000d9980000)
  from space 5120K, 83% used [0x00000000d9980000,0x00000000d9dac070,0x00000000d9e80000)
  to   space 5120K, 0% used [0x00000000dbd00000,0x00000000dbd00000,0x00000000dc200000)
 ParOldGen       total 83456K, used 80K [0x0000000087000000, 0x000000008c180000, 0x00000000d7b00000)
  object space 83456K, 0% used [0x0000000087000000,0x0000000087014010,0x000000008c180000)
 Metaspace       used 12840K, capacity 13350K, committed 13568K, reserved 1060864K
  class space    used 1856K, capacity 1998K, committed 2048K, reserved 1048576K
}
Event: 1.836 GC heap before
{Heap before GC invocations=2 (full 0):
 PSYoungGen      total 36352K, used 34707K [0x00000000d7b00000, 0x00000000dc200000, 0x0000000100000000)
  eden space 31232K, 97% used [0x00000000d7b00000,0x00000000d98b8ca0,0x00000000d9980000)
  from space 5120K, 83% used [0x00000000d9980000,0x00000000d9dac070,0x00000000d9e80000)
  to   space 5120K, 0% used [0x00000000dbd00000,0x00000000dbd00000,0x00000000dc200000)
 ParOldGen       total 83456K, used 80K [0x0000000087000000, 0x000000008c180000, 0x00000000d7b00000)
  object space 83456K, 0% used [0x0000000087000000,0x0000000087014010,0x000000008c180000)
 Metaspace       used 16766K, capacity 17598K, committed 17664K, reserved 1064960K
  class space    used 2574K, capacity 2788K, committed 2816K, reserved 1048576K
Event: 1.843 GC heap after
Heap after GC invocations=2 (full 0):
 PSYoungGen      total 67584K, used 5118K [0x00000000d7b00000, 0x00000000dc200000, 0x0000000100000000)
  eden space 62464K, 0% used [0x00000000d7b00000,0x00000000d7b00000,0x00000000db800000)
  from space 5120K, 99% used [0x00000000dbd00000,0x00000000dc1ffbb0,0x00000000dc200000)
  to   space 5120K, 0% used [0x00000000db800000,0x00000000db800000,0x00000000dbd00000)
 ParOldGen       total 83456K, used 1768K [0x0000000087000000, 0x000000008c180000, 0x00000000d7b00000)
  object space 83456K, 2% used [0x0000000087000000,0x00000000871ba010,0x000000008c180000)
 Metaspace       used 16766K, capacity 17598K, committed 17664K, reserved 1064960K
  class space    used 2574K, capacity 2788K, committed 2816K, reserved 1048576K
}
Event: 2.446 GC heap before
{Heap before GC invocations=3 (full 0):
 PSYoungGen      total 67584K, used 25337K [0x00000000d7b00000, 0x00000000dc200000, 0x0000000100000000)
  eden space 62464K, 32% used [0x00000000d7b00000,0x00000000d8ebea98,0x00000000db800000)
  from space 5120K, 99% used [0x00000000dbd00000,0x00000000dc1ffbb0,0x00000000dc200000)
  to   space 5120K, 0% used [0x00000000db800000,0x00000000db800000,0x00000000dbd00000)
 ParOldGen       total 83456K, used 1768K [0x0000000087000000, 0x000000008c180000, 0x00000000d7b00000)
  object space 83456K, 2% used [0x0000000087000000,0x00000000871ba010,0x000000008c180000)
 Metaspace       used 19692K, capacity 21238K, committed 21296K, reserved 1067008K
  class space    used 3076K, capacity 3344K, committed 3376K, reserved 1048576K
Event: 2.469 GC heap after
Heap after GC invocations=3 (full 0):
 PSYoungGen      total 67584K, used 5118K [0x00000000d7b00000, 0x00000000dff00000, 0x0000000100000000)
  eden space 62464K, 0% used [0x00000000d7b00000,0x00000000d7b00000,0x00000000db800000)
  from space 5120K, 99% used [0x00000000db800000,0x00000000dbcffb90,0x00000000dbd00000)
  to   space 5120K, 0% used [0x00000000dfa00000,0x00000000dfa00000,0x00000000dff00000)
 ParOldGen       total 83456K, used 6516K [0x0000000087000000, 0x000000008c180000, 0x00000000d7b00000)
  object space 83456K, 7% used [0x0000000087000000,0x000000008765d370,0x000000008c180000)
 Metaspace       used 19692K, capacity 21238K, committed 21296K, reserved 1067008K
  class space    used 3076K, capacity 3344K, committed 3376K, reserved 1048576K
}
Event: 2.469 GC heap before
{Heap before GC invocations=4 (full 1):
 PSYoungGen      total 67584K, used 5118K [0x00000000d7b00000, 0x00000000dff00000, 0x0000000100000000)
  eden space 62464K, 0% used [0x00000000d7b00000,0x00000000d7b00000,0x00000000db800000)
  from space 5120K, 99% used [0x00000000db800000,0x00000000dbcffb90,0x00000000dbd00000)
  to   space 5120K, 0% used [0x00000000dfa00000,0x00000000dfa00000,0x00000000dff00000)
 ParOldGen       total 83456K, used 6516K [0x0000000087000000, 0x000000008c180000, 0x00000000d7b00000)
  object space 83456K, 7% used [0x0000000087000000,0x000000008765d370,0x000000008c180000)
 Metaspace       used 19692K, capacity 21238K, committed 21296K, reserved 1067008K
  class space    used 3076K, capacity 3344K, committed 3376K, reserved 1048576K
Event: 2.561 GC heap after
Heap after GC invocations=4 (full 1):
 PSYoungGen      total 67584K, used 0K [0x00000000d7b00000, 0x00000000dff00000, 0x0000000100000000)
  eden space 62464K, 0% used [0x00000000d7b00000,0x00000000d7b00000,0x00000000db800000)
  from space 5120K, 0% used [0x00000000db800000,0x00000000db800000,0x00000000dbd00000)
  to   space 5120K, 0% used [0x00000000dfa00000,0x00000000dfa00000,0x00000000dff00000)
 ParOldGen       total 69632K, used 11395K [0x0000000087000000, 0x000000008b400000, 0x00000000d7b00000)
  object space 69632K, 16% used [0x0000000087000000,0x0000000087b20d38,0x000000008b400000)
 Metaspace       used 19692K, capacity 21238K, committed 21296K, reserved 1067008K
  class space    used 3076K, capacity 3344K, committed 3376K, reserved 1048576K
}

