# JRE version: Java(TM) SE Runtime Environment (8.0_131-b11) (build 1.8.0_131-b11)
# Java VM: Java HotSpot(TM) 64-Bit Server VM (25.131-b11 mixed mode linux-amd64 compressed oops)
Heap:
 PSYoungGen      total 53248K, used 31048K [0x00000000d7b00000, 0x00000000dbf00000, 0x0000000100000000)
  eden space 48128K, 54% used [0x00000000d7b00000,0x00000000d94ca0d0,0x00000000daa00000)
  from space 5120K, 90% used [0x00000000db700000,0x00000000dbb88038,0x00000000dbc00000)
  to   space 3072K, 0% used [0x00000000dbc00000,0x00000000dbc00000,0x00000000dbf00000)
 ParOldGen       total 70144K, used 11281K [0x0000000087000000, 0x000000008b480000, 0x00000000d7b00000)
  object space 70144K, 16% used [0x0000000087000000,0x0000000087b04468,0x000000008b480000)
 Metaspace       used 23139K, capacity 24920K, committed 25264K, reserved 1071104K
  class space    used 3315K, capacity 3653K, committed 3760K, reserved 1048576K
GC Heap History (10 events):
Event: 1.549 GC heap before
{Heap before GC invocations=2 (full 0):
 PSYoungGen      total 36352K, used 34684K [0x00000000d7b00000, 0x00000000da380000, 0x0000000100000000)
  eden space 31232K, 97% used [0x00000000d7b00000,0x00000000d98af288,0x00000000d9980000)
  from space 5120K, 83% used [0x00000000d9980000,0x00000000d9db0060,0x00000000d9e80000)
  to   space 5120K, 0% used [0x00000000d9e80000,0x00000000d9e80000,0x00000000da380000)
 ParOldGen       total 83456K, used 80K [0x0000000087000000, 0x000000008c180000, 0x00000000d7b00000)
  object space 83456K, 0% used [0x0000000087000000,0x0000000087014010,0x000000008c180000)
 Metaspace       used 16762K, capacity 17598K, committed 17664K, reserved 1064960K
  class space    used 2574K, capacity 2788K, committed 2816K, reserved 1048576K
Event: 1.560 GC heap after
Heap after GC invocations=2 (full 0):
 PSYoungGen      total 36352K, used 5088K [0x00000000d7b00000, 0x00000000dc200000, 0x0000000100000000)
  eden space 31232K, 0% used [0x00000000d7b00000,0x00000000d7b00000,0x00000000d9980000)
  from space 5120K, 99% used [0x00000000d9e80000,0x00000000da378040,0x00000000da380000)
  to   space 5120K, 0% used [0x00000000d9980000,0x00000000d9980000,0x00000000d9e80000)
 ParOldGen       total 83456K, used 1833K [0x0000000087000000, 0x000000008c180000, 0x00000000d7b00000)
  object space 83456K, 2% used [0x0000000087000000,0x00000000871ca698,0x000000008c180000)
 Metaspace       used 16762K, capacity 17598K, committed 17664K, reserved 1064960K
  class space    used 2574K, capacity 2788K, committed 2816K, reserved 1048576K
}
Event: 2.160 GC heap before
{Heap before GC invocations=3 (full 0):
 PSYoungGen      total 36352K, used 24142K [0x00000000d7b00000, 0x00000000dc200000, 0x0000000100000000)
  eden space 31232K, 61% used [0x00000000d7b00000,0x00000000d8d9ba70,0x00000000d9980000)
  from space 5120K, 99% used [0x00000000d9e80000,0x00000000da378040,0x00000000da380000)
  to   space 5120K, 0% used [0x00000000d9980000,0x00000000d9980000,0x00000000d9e80000)
 ParOldGen       total 83456K, used 1833K [0x0000000087000000, 0x000000008c180000, 0x00000000d7b00000)
  object space 83456K, 2% used [0x0000000087000000,0x00000000871ca698,0x000000008c180000)
 Metaspace       used 19644K, capacity 21210K, committed 21296K, reserved 1067008K
  class space    used 3068K, capacity 3338K, committed 3376K, reserved 1048576K
Event: 2.172 GC heap after
Heap after GC invocations=3 (full 0):
 PSYoungGen      total 36352K, used 5104K [0x00000000d7b00000, 0x00000000dc200000, 0x0000000100000000)
  eden space 31232K, 0% used [0x00000000d7b00000,0x00000000d7b00000,0x00000000d9980000)
  from space 5120K, 99% used [0x00000000d9980000,0x00000000d9e7c030,0x00000000d9e80000)
  to   space 5120K, 0% used [0x00000000dbd00000,0x00000000dbd00000,0x00000000dc200000)
 ParOldGen       total 83456K, used 6382K [0x0000000087000000, 0x000000008c180000, 0x00000000d7b00000)
  object space 83456K, 7% used [0x0000000087000000,0x000000008763b9d8,0x000000008c180000)
 Metaspace       used 19644K, capacity 21210K, committed 21296K, reserved 1067008K
  class space    used 3068K, capacity 3338K, committed 3376K, reserved 1048576K
}
Event: 2.172 GC heap before
{Heap before GC invocations=4 (full 1):
 PSYoungGen      total 36352K, used 5104K [0x00000000d7b00000, 0x00000000dc200000, 0x0000000100000000)
  eden space 31232K, 0% used [0x00000000d7b00000,0x00000000d7b00000,0x00000000d9980000)
  from space 5120K, 99% used [0x00000000d9980000,0x00000000d9e7c030,0x00000000d9e80000)
  to   space 5120K, 0% used [0x00000000dbd00000,0x00000000dbd00000,0x00000000dc200000)
 ParOldGen       total 83456K, used 6382K [0x0000000087000000, 0x000000008c180000, 0x00000000d7b00000)
  object space 83456K, 7% used [0x0000000087000000,0x000000008763b9d8,0x000000008c180000)
 Metaspace       used 19644K, capacity 21210K, committed 21296K, reserved 1067008K
  class space    used 3068K, capacity 3338K, committed 3376K, reserved 1048576K
Event: 2.249 GC heap after
Heap after GC invocations=4 (full 1):
 PSYoungGen      total 36352K, used 0K [0x00000000d7b00000, 0x00000000dc200000, 0x0000000100000000)
  eden space 31232K, 0% used [0x00000000d7b00000,0x00000000d7b00000,0x00000000d9980000)
  from space 5120K, 0% used [0x00000000d9980000,0x00000000d9980000,0x00000000d9e80000)
  to   space 5120K, 0% used [0x00000000dbd00000,0x00000000dbd00000,0x00000000dc200000)
 ParOldGen       total 70144K, used 11265K [0x0000000087000000, 0x000000008b480000, 0x00000000d7b00000)
  object space 70144K, 16% used [0x0000000087000000,0x0000000087b00468,0x000000008b480000)
 Metaspace       used 19644K, capacity 21210K, committed 21296K, reserved 1067008K
  class space    used 3068K, capacity 3338K, committed 3376K, reserved 1048576K
}
Event: 4.311 GC heap before
{Heap before GC invocations=5 (full 1):
 PSYoungGen      total 36352K, used 31232K [0x00000000d7b00000, 0x00000000dc200000, 0x0000000100000000)
  eden space 31232K, 100% used [0x00000000d7b00000,0x00000000d9980000,0x00000000d9980000)
  from space 5120K, 0% used [0x00000000d9980000,0x00000000d9980000,0x00000000d9e80000)
  to   space 5120K, 0% used [0x00000000dbd00000,0x00000000dbd00000,0x00000000dc200000)
 ParOldGen       total 70144K, used 11265K [0x0000000087000000, 0x000000008b480000, 0x00000000d7b00000)
  object space 70144K, 16% used [0x0000000087000000,0x0000000087b00468,0x000000008b480000)
 Metaspace       used 21938K, capacity 23740K, committed 23984K, reserved 1069056K
  class space    used 3284K, capacity 3645K, committed 3760K, reserved 1048576K
Event: 4.315 GC heap after
Heap after GC invocations=5 (full 1):
 PSYoungGen      total 43520K, used 3680K [0x00000000d7b00000, 0x00000000dc100000, 0x0000000100000000)
  eden space 39424K, 0% used [0x00000000d7b00000,0x00000000d7b00000,0x00000000da180000)
  from space 4096K, 89% used [0x00000000dbd00000,0x00000000dc098038,0x00000000dc100000)
  to   space 5120K, 0% used [0x00000000db700000,0x00000000db700000,0x00000000dbc00000)
 ParOldGen       total 70144K, used 11273K [0x0000000087000000, 0x000000008b480000, 0x00000000d7b00000)
  object space 70144K, 16% used [0x0000000087000000,0x0000000087b02468,0x000000008b480000)
 Metaspace       used 21938K, capacity 23740K, committed 23984K, reserved 1069056K
  class space    used 3284K, capacity 3645K, committed 3760K, reserved 1048576K
}
Event: 8.540 GC heap before
{Heap before GC invocations=6 (full 1):
 PSYoungGen      total 43520K, used 43104K [0x00000000d7b00000, 0x00000000dc100000, 0x0000000100000000)
  eden space 39424K, 100% used [0x00000000d7b00000,0x00000000da180000,0x00000000da180000)
  from space 4096K, 89% used [0x00000000dbd00000,0x00000000dc098038,0x00000000dc100000)
  to   space 5120K, 0% used [0x00000000db700000,0x00000000db700000,0x00000000dbc00000)
 ParOldGen       total 70144K, used 11273K [0x0000000087000000, 0x000000008b480000, 0x00000000d7b00000)
  object space 70144K, 16% used [0x0000000087000000,0x0000000087b02468,0x000000008b480000)
 Metaspace       used 22735K, capacity 24558K, committed 24752K, reserved 1071104K
  class space    used 3291K, capacity 3648K, committed 3760K, reserved 1048576K
Event: 8.548 GC heap after
Heap after GC invocations=6 (full 1):
 PSYoungGen      total 53248K, used 4640K [0x00000000d7b00000, 0x00000000dbf00000, 0x0000000100000000)
  eden space 48128K, 0% used [0x00000000d7b00000,0x00000000d7b00000,0x00000000daa00000)
  from space 5120K, 90% used [0x00000000db700000,0x00000000dbb88038,0x00000000dbc00000)
  to   space 3072K, 0% used [0x00000000dbc00000,0x00000000dbc00000,0x00000000dbf00000)
 ParOldGen       total 70144K, used 11281K [0x0000000087000000, 0x000000008b480000, 0x00000000d7b00000)
  object space 70144K, 16% used [0x0000000087000000,0x0000000087b04468,0x000000008b480000)
 Metaspace       used 22735K, capacity 24558K, committed 24752K, reserved 1071104K
  class space    used 3291K, capacity 3648K, committed 3760K, reserved 1048576K
}

