# JRE version: Java(TM) SE Runtime Environment (8.0_131-b11) (build 1.8.0_131-b11)
# Java VM: Java HotSpot(TM) 64-Bit Server VM (25.131-b11 mixed mode linux-amd64 compressed oops)
Heap:
 PSYoungGen      total 79872K, used 75249K [0x00000000d7b00000, 0x00000000dfb80000, 0x0000000100000000)
  eden space 78336K, 94% used [0x00000000d7b00000,0x00000000dc3147d0,0x00000000dc780000)
  from space 1536K, 93% used [0x00000000dfa00000,0x00000000dfb68000,0x00000000dfb80000)
  to   space 5120K, 0% used [0x00000000df180000,0x00000000df180000,0x00000000df680000)
 ParOldGen       total 70144K, used 11375K [0x0000000087000000, 0x000000008b480000, 0x00000000d7b00000)
  object space 70144K, 16% used [0x0000000087000000,0x0000000087b1be90,0x000000008b480000)
 Metaspace       used 21766K, capacity 23378K, committed 23552K, reserved 1069056K
  class space    used 3039K, capacity 3322K, committed 3328K, reserved 1048576K
GC Heap History (10 events):
Event: 0.751 GC heap before
{Heap before GC invocations=1 (full 0):
 PSYoungGen      total 36352K, used 31232K [0x00000000d7b00000, 0x00000000da380000, 0x0000000100000000)
  eden space 31232K, 100% used [0x00000000d7b00000,0x00000000d9980000,0x00000000d9980000)
  from space 5120K, 0% used [0x00000000d9e80000,0x00000000d9e80000,0x00000000da380000)
  to   space 5120K, 0% used [0x00000000d9980000,0x00000000d9980000,0x00000000d9e80000)
 ParOldGen       total 83456K, used 0K [0x0000000087000000, 0x000000008c180000, 0x00000000d7b00000)
  object space 83456K, 0% used [0x0000000087000000,0x0000000087000000,0x000000008c180000)
 Metaspace       used 12362K, capacity 12848K, committed 12928K, reserved 1060864K
  class space    used 1766K, capacity 1897K, committed 1920K, reserved 1048576K
Event: 0.762 GC heap after
Heap after GC invocations=1 (full 0):
 PSYoungGen      total 36352K, used 3984K [0x00000000d7b00000, 0x00000000dc200000, 0x0000000100000000)
  eden space 31232K, 0% used [0x00000000d7b00000,0x00000000d7b00000,0x00000000d9980000)
  from space 5120K, 77% used [0x00000000d9980000,0x00000000d9d64030,0x00000000d9e80000)
  to   space 5120K, 0% used [0x00000000dbd00000,0x00000000dbd00000,0x00000000dc200000)
 ParOldGen       total 83456K, used 80K [0x0000000087000000, 0x000000008c180000, 0x00000000d7b00000)
  object space 83456K, 0% used [0x0000000087000000,0x0000000087014010,0x000000008c180000)
 Metaspace       used 12362K, capacity 12848K, committed 12928K, reserved 1060864K
  class space    used 1766K, capacity 1897K, committed 1920K, reserved 1048576K
}
Event: 1.393 GC heap before
{Heap before GC invocations=2 (full 0):
 PSYoungGen      total 36352K, used 35216K [0x00000000d7b00000, 0x00000000dc200000, 0x0000000100000000)
  eden space 31232K, 100% used [0x00000000d7b00000,0x00000000d9980000,0x00000000d9980000)
  from space 5120K, 77% used [0x00000000d9980000,0x00000000d9d64030,0x00000000d9e80000)
  to   space 5120K, 0% used [0x00000000dbd00000,0x00000000dbd00000,0x00000000dc200000)
 ParOldGen       total 83456K, used 80K [0x0000000087000000, 0x000000008c180000, 0x00000000d7b00000)
  object space 83456K, 0% used [0x0000000087000000,0x0000000087014010,0x000000008c180000)
 Metaspace       used 17453K, capacity 18578K, committed 18816K, reserved 1064960K
  class space    used 2688K, capacity 2932K, committed 2944K, reserved 1048576K
Event: 1.403 GC heap after
Heap after GC invocations=2 (full 0):
 PSYoungGen      total 67584K, used 5090K [0x00000000d7b00000, 0x00000000dc200000, 0x0000000100000000)
  eden space 62464K, 0% used [0x00000000d7b00000,0x00000000d7b00000,0x00000000db800000)
  from space 5120K, 99% used [0x00000000dbd00000,0x00000000dc1f8af0,0x00000000dc200000)
  to   space 5120K, 0% used [0x00000000db800000,0x00000000db800000,0x00000000dbd00000)
 ParOldGen       total 83456K, used 2240K [0x0000000087000000, 0x000000008c180000, 0x00000000d7b00000)
  object space 83456K, 2% used [0x0000000087000000,0x0000000087230010,0x000000008c180000)
 Metaspace       used 17453K, capacity 18578K, committed 18816K, reserved 1064960K
  class space    used 2688K, capacity 2932K, committed 2944K, reserved 1048576K
}
Event: 2.261 GC heap before
{Heap before GC invocations=3 (full 0):
 PSYoungGen      total 67584K, used 21614K [0x00000000d7b00000, 0x00000000dc200000, 0x0000000100000000)
  eden space 62464K, 26% used [0x00000000d7b00000,0x00000000d8b22f30,0x00000000db800000)
  from space 5120K, 99% used [0x00000000dbd00000,0x00000000dc1f8af0,0x00000000dc200000)
  to   space 5120K, 0% used [0x00000000db800000,0x00000000db800000,0x00000000dbd00000)
 ParOldGen       total 83456K, used 2240K [0x0000000087000000, 0x000000008c180000, 0x00000000d7b00000)
  object space 83456K, 2% used [0x0000000087000000,0x0000000087230010,0x000000008c180000)
 Metaspace       used 19716K, capacity 21164K, committed 21248K, reserved 1067008K
  class space    used 2986K, capacity 3257K, committed 3328K, reserved 1048576K
Event: 2.277 GC heap after
Heap after GC invocations=3 (full 0):
 PSYoungGen      total 67584K, used 5088K [0x00000000d7b00000, 0x00000000dff00000, 0x0000000100000000)
  eden space 62464K, 0% used [0x00000000d7b00000,0x00000000d7b00000,0x00000000db800000)
  from space 5120K, 99% used [0x00000000db800000,0x00000000dbcf8088,0x00000000dbd00000)
  to   space 5120K, 0% used [0x00000000dfa00000,0x00000000dfa00000,0x00000000dff00000)
 ParOldGen       total 83456K, used 6536K [0x0000000087000000, 0x000000008c180000, 0x00000000d7b00000)
  object space 83456K, 7% used [0x0000000087000000,0x0000000087662360,0x000000008c180000)
 Metaspace       used 19716K, capacity 21164K, committed 21248K, reserved 1067008K
  class space    used 2986K, capacity 3257K, committed 3328K, reserved 1048576K
}
Event: 2.277 GC heap before
{Heap before GC invocations=4 (full 1):
 PSYoungGen      total 67584K, used 5088K [0x00000000d7b00000, 0x00000000dff00000, 0x0000000100000000)
  eden space 62464K, 0% used [0x00000000d7b00000,0x00000000d7b00000,0x00000000db800000)
  from space 5120K, 99% used [0x00000000db800000,0x00000000dbcf8088,0x00000000dbd00000)
  to   space 5120K, 0% used [0x00000000dfa00000,0x00000000dfa00000,0x00000000dff00000)
 ParOldGen       total 83456K, used 6536K [0x0000000087000000, 0x000000008c180000, 0x00000000d7b00000)
  object space 83456K, 7% used [0x0000000087000000,0x0000000087662360,0x000000008c180000)
 Metaspace       used 19716K, capacity 21164K, committed 21248K, reserved 1067008K
  class space    used 2986K, capacity 3257K, committed 3328K, reserved 1048576K
Event: 2.358 GC heap after
Heap after GC invocations=4 (full 1):
 PSYoungGen      total 67584K, used 0K [0x00000000d7b00000, 0x00000000dff00000, 0x0000000100000000)
  eden space 62464K, 0% used [0x00000000d7b00000,0x00000000d7b00000,0x00000000db800000)
  from space 5120K, 0% used [0x00000000db800000,0x00000000db800000,0x00000000dbd00000)
  to   space 5120K, 0% used [0x00000000dfa00000,0x00000000dfa00000,0x00000000dff00000)
 ParOldGen       total 70144K, used 11375K [0x0000000087000000, 0x000000008b480000, 0x00000000d7b00000)
  object space 70144K, 16% used [0x0000000087000000,0x0000000087b1be90,0x000000008b480000)
 Metaspace       used 19716K, capacity 21164K, committed 21248K, reserved 1067008K
  class space    used 2986K, capacity 3257K, committed 3328K, reserved 1048576K
}
Event: 474.685 GC heap before
{Heap before GC invocations=5 (full 1):
 PSYoungGen      total 67584K, used 62464K [0x00000000d7b00000, 0x00000000dff00000, 0x0000000100000000)
  eden space 62464K, 100% used [0x00000000d7b00000,0x00000000db800000,0x00000000db800000)
  from space 5120K, 0% used [0x00000000db800000,0x00000000db800000,0x00000000dbd00000)
  to   space 5120K, 0% used [0x00000000dfa00000,0x00000000dfa00000,0x00000000dff00000)
 ParOldGen       total 70144K, used 11375K [0x0000000087000000, 0x000000008b480000, 0x00000000d7b00000)
  object space 70144K, 16% used [0x0000000087000000,0x0000000087b1be90,0x000000008b480000)
 Metaspace       used 21120K, capacity 22644K, committed 22784K, reserved 1069056K
  class space    used 3030K, capacity 3315K, committed 3328K, reserved 1048576K
Event: 474.690 GC heap after
Heap after GC invocations=5 (full 1):
 PSYoungGen      total 79872K, used 1440K [0x00000000d7b00000, 0x00000000dfb80000, 0x0000000100000000)
  eden space 78336K, 0% used [0x00000000d7b00000,0x00000000d7b00000,0x00000000dc780000)
  from space 1536K, 93% used [0x00000000dfa00000,0x00000000dfb68000,0x00000000dfb80000)
  to   space 5120K, 0% used [0x00000000df180000,0x00000000df180000,0x00000000df680000)
 ParOldGen       total 70144K, used 11375K [0x0000000087000000, 0x000000008b480000, 0x00000000d7b00000)
  object space 70144K, 16% used [0x0000000087000000,0x0000000087b1be90,0x000000008b480000)
 Metaspace       used 21120K, capacity 22644K, committed 22784K, reserved 1069056K
  class space    used 3030K, capacity 3315K, committed 3328K, reserved 1048576K
}

